<?xml version="1.0" encoding="UTF-8"?>
<!-- Generated by org.testng.reporters.JUnitXMLReporter -->
<testsuite hostname="PT-0065" ignored="2" name="Test1" tests="2" failures="0" timestamp="06 dez 2018 10:56:08 GMT" time="0.031" errors="0">
  <testcase name="test1" time="0.016" classname="Demo.TestNGGroupsDemo"/>
  <testcase name="test2" time="0.0" classname="Demo.TestNGGroupsDemo"/>
  <testcase name="test4" time="0.0" classname="Demo.TestNGGroupsDemo">
    <ignored/>
  </testcase> <!-- test4 -->
  <testcase name="test3" time="0.0" classname="Demo.TestNGGroupsDemo">
    <ignored/>
  </testcase> <!-- test3 -->
</testsuite> <!-- Test1 -->
