<?xml version="1.0" encoding="UTF-8"?>
<testng-results skipped="0" failed="0" ignored="1" total="3" passed="2">
  <reporter-output>
  </reporter-output>
  <suite name="Default suite" duration-ms="28" started-at="2018-12-10T15:35:16Z" finished-at="2018-12-10T15:35:16Z">
    <groups>
    </groups>
    <test name="Default test" duration-ms="28" started-at="2018-12-10T15:35:16Z" finished-at="2018-12-10T15:35:16Z">
      <class name="Demo.TestNGIgnoreDemo">
        <test-method status="PASS" signature="test2()[pri:0, instance:Demo.TestNGIgnoreDemo@e25b2fe]" name="test2" duration-ms="8" started-at="2018-12-10T15:35:16Z" finished-at="2018-12-10T15:35:16Z">
          <reporter-output>
          </reporter-output>
        </test-method> <!-- test2 -->
        <test-method status="PASS" signature="test3()[pri:0, instance:Demo.TestNGIgnoreDemo@e25b2fe]" name="test3" duration-ms="1" started-at="2018-12-10T15:35:16Z" finished-at="2018-12-10T15:35:16Z">
          <reporter-output>
          </reporter-output>
        </test-method> <!-- test3 -->
      </class> <!-- Demo.TestNGIgnoreDemo -->
    </test> <!-- Default test -->
  </suite> <!-- Default suite -->
</testng-results>
