<?xml version="1.0" encoding="UTF-8"?>
<!-- Generated by org.testng.reporters.JUnitXMLReporter -->
<testsuite hostname="PT-0065" ignored="1" name="Default test" tests="2" failures="0" timestamp="10 dez 2018 15:35:16 GMT" time="0.028" errors="0">
  <testcase name="test2" time="0.008" classname="Demo.TestNGIgnoreDemo"/>
  <testcase name="test3" time="0.001" classname="Demo.TestNGIgnoreDemo"/>
  <testcase name="test1" time="0.0" classname="Demo.TestNGIgnoreDemo">
    <ignored/>
  </testcase> <!-- test1 -->
</testsuite> <!-- Default test -->
